#
# A fatal error has been detected by the Java Runtime Environment:
#
#  EXCEPTION_ACCESS_VIOLATION (0xc0000005) at pc=0x0000000063d3eb40, pid=4168, tid=5216
#
# JRE version: Java(TM) SE Runtime Environment (8.0_91-b14) (build 1.8.0_91-b14)
# Java VM: Java HotSpot(TM) 64-Bit Server VM (25.91-b14 mixed mode windows-amd64 compressed oops)
# Problematic frame:
# V  [jvm.dll+0xaeb40]
#
# Failed to write core dump. Minidumps are not enabled by default on client versions of Windows
#
# If you would like to submit a bug report, please visit:
#   http://bugreport.java.com/bugreport/crash.jsp
#

---------------  T H R E A D  ---------------

Current thread (0x0000000002173000):  GCTaskThread [stack: 0x0000000011ec0000,0x0000000011fc0000] [id=5216]

siginfo: ExceptionCode=0xc0000005, reading address 0x0000000000000008

Registers:
RAX=0x0000000000000000, RBX=0x00000000ecc09e14, RCX=0x00000000ecc09e14, RDX=0x0000000000000000
RSP=0x0000000011fbf7e8, RBP=0x0000000000000000, RSI=0x0000000054ca9a40, RDI=0x0000000054ca9a40
R8 =0x0000000054ca9a40, R9 =0x0000000000000010, R10=0x0000000000000000, R11=0x00000000c05d6830
R12=0x00000000642a9d10, R13=0x14381ef800000000, R14=0x0000000000000000, R15=0x0000000002173930
RIP=0x0000000063d3eb40, EFLAGS=0x0000000000010246

Top of Stack: (sp=0x0000000011fbf7e8)
0x0000000011fbf7e8:   000000006408c702 00000000ecc31b60
0x0000000011fbf7f8:   0000000000000009 0000000054ca9a40
0x0000000011fbf808:   000000000216c700 00000000642dce20
0x0000000011fbf818:   000000006408ce4b 00000000c05d4b40
0x0000000011fbf828:   0000000000000400 0000000000000000
0x0000000011fbf838:   000000000216c700 00000000642a9d10
0x0000000011fbf848:   000000006408ca70 00000000c05d684c
0x0000000011fbf858:   0000000000000000 0000000054ca9a40
0x0000000011fbf868:   0000000054ca9a40 00000000c05d684c
0x0000000011fbf878:   000000006408d615 00000000ec69c640
0x0000000011fbf888:   0000000000000000 0000000054ca9a40
0x0000000011fbf898:   000000006408f406 0000000002226be8
0x0000000011fbf8a8:   0000000000000c00 0000000000000000
0x0000000011fbf8b8:   0000000000000000 0000000002173900
0x0000000011fbf8c8:   000000000213d800 00000000642a9d01
0x0000000011fbf8d8:   0000000063ea5101 0000fdf9b27bddf1 

Instructions: (pc=0x0000000063d3eb40)
0x0000000063d3eb20:   4c ab 1d 00 48 8b 9c 24 d0 00 00 00 48 81 c4 c0
0x0000000063d3eb30:   00 00 00 5d c3 cc cc cc cc cc cc cc cc cc cc cc
0x0000000063d3eb40:   44 8b 42 08 4c 8b ca 45 85 c0 7e 0e 41 f6 c0 01
0x0000000063d3eb50:   75 57 41 c1 f8 03 41 8b c0 c3 79 4d 80 3d ce 50 


Register to memory mapping:

RAX=0x0000000000000000 is an unknown value
RBX=0x00000000ecc09e14 is an unknown value
RCX=0x00000000ecc09e14 is an unknown value
RDX=0x0000000000000000 is an unknown value
RSP=0x0000000011fbf7e8 is an unknown value
RBP=0x0000000000000000 is an unknown value
RSI=0x0000000054ca9a40 is an unknown value
RDI=0x0000000054ca9a40 is an unknown value
R8 =0x0000000054ca9a40 is an unknown value
R9 =0x0000000000000010 is an unknown value
R10=0x0000000000000000 is an unknown value
R11=0x00000000c05d6830 is an oop
java.lang.reflect.Field 
 - klass: 'java/lang/reflect/Field'
R12=0x00000000642a9d10 is an unknown value
R13=0x14381ef800000000 is an unknown value
R14=0x0000000000000000 is an unknown value
R15=0x0000000002173930 is an unknown value


Stack: [0x0000000011ec0000,0x0000000011fc0000],  sp=0x0000000011fbf7e8,  free space=1021k
Native frames: (J=compiled Java code, j=interpreted, Vv=VM code, C=native code)


---------------  P R O C E S S  ---------------

Java Threads: ( => current thread )
  0x0000000056359000 JavaThread "pool-1-thread-4" [_thread_blocked, id=4616, stack(0x0000000056820000,0x0000000056920000)]
  0x0000000056354000 JavaThread "pool-1-thread-3" [_thread_blocked, id=5040, stack(0x0000000056b70000,0x0000000056c70000)]
  0x0000000056350800 JavaThread "pool-1-thread-2" [_thread_blocked, id=4956, stack(0x0000000056a50000,0x0000000056b50000)]
  0x000000005634d800 JavaThread "pool-2-thread-1" [_thread_blocked, id=2656, stack(0x0000000056940000,0x0000000056a40000)]
  0x0000000056344000 JavaThread "pool-1-thread-1" [_thread_blocked, id=980, stack(0x0000000056540000,0x0000000056640000)]
  0x0000000054d20000 JavaThread "Service Thread" daemon [_thread_blocked, id=1108, stack(0x0000000055f20000,0x0000000056020000)]
  0x0000000054d1c800 JavaThread "C1 CompilerThread1" daemon [_thread_blocked, id=4936, stack(0x0000000056030000,0x0000000056130000)]
  0x0000000054d1a000 JavaThread "C2 CompilerThread0" daemon [_thread_blocked, id=5776, stack(0x0000000055ab0000,0x0000000055bb0000)]
  0x0000000054d19000 JavaThread "Attach Listener" daemon [_thread_blocked, id=5984, stack(0x0000000055e20000,0x0000000055f20000)]
  0x0000000054d23000 JavaThread "Signal Dispatcher" daemon [_thread_blocked, id=4812, stack(0x0000000055d20000,0x0000000055e20000)]
  0x0000000054d00800 JavaThread "Finalizer" daemon [_thread_blocked, id=5264, stack(0x0000000055bd0000,0x0000000055cd0000)]
  0x0000000054cb7000 JavaThread "Reference Handler" daemon [_thread_blocked, id=5544, stack(0x0000000055950000,0x0000000055a50000)]
  0x000000000213d800 JavaThread "main" [_thread_blocked, id=5808, stack(0x00000000024d0000,0x00000000025d0000)]

Other Threads:
  0x0000000054cae800 VMThread [stack: 0x00000000557e0000,0x00000000558e0000] [id=2740]
  0x0000000056146000 WatcherThread [stack: 0x0000000056720000,0x0000000056820000] [id=3404]

=>0x0000000002173000 (exited) GCTaskThread [stack: 0x0000000011ec0000,0x0000000011fc0000] [id=5216]

VM state:at safepoint (normal execution)

VM Mutex/Monitor currently owned by a thread:  ([mutex/lock_event])
[0x000000000213bf70] Threads_lock - owner thread: 0x0000000054cae800
[0x000000000213c470] Heap_lock - owner thread: 0x0000000056359000

Heap:
 PSYoungGen      total 37888K, used 37866K [0x00000000eab00000, 0x00000000ed500000, 0x0000000100000000)
  eden space 32768K, 100% used [0x00000000eab00000,0x00000000ecb00000,0x00000000ecb00000)
  from space 5120K, 99% used [0x00000000ecb00000,0x00000000ecffaa88,0x00000000ed000000)
  to   space 5120K, 99% used [0x00000000ed000000,0x00000000ed4fa640,0x00000000ed500000)
 ParOldGen       total 86016K, used 6266K [0x00000000c0000000, 0x00000000c5400000, 0x00000000eab00000)
  object space 86016K, 7% used [0x00000000c0000000,0x00000000c061eb50,0x00000000c5400000)
 Metaspace       used 5883K, capacity 6960K, committed 7040K, reserved 1056768K
  class space    used 579K, capacity 616K, committed 640K, reserved 1048576K

Card table byte_map: [0x0000000011c60000,0x0000000011e70000] byte_map_base: 0x0000000011660000

Marking Bits: (ParMarkBitMap*) 0x00000000644a2f70
 Begin Bits: [0x0000000012180000, 0x0000000013180000)
 End Bits:   [0x0000000013180000, 0x0000000014180000)

Polling page: 0x0000000000150000

CodeCache: size=245760Kb used=6039Kb max_used=6046Kb free=239720Kb
 bounds [0x00000000028a0000, 0x0000000002e90000, 0x00000000118a0000]
 total_blobs=1649 nmethods=1389 adapters=175
 compilation: enabled

Compilation events (10 events):
Event: 4.543 Thread 0x0000000054d1a000 nmethod 1396% 0x0000000002e8b290 code [0x0000000002e8b440, 0x0000000002e8bdd8]
Event: 4.543 Thread 0x0000000054d1a000 1395   !   4       com.android.dx.cf.code.Ropper::processBlock (1101 bytes)
Event: 4.685 Thread 0x0000000054d1c800 1406       3       java.util.TreeMap::successor (66 bytes)
Event: 4.686 Thread 0x0000000054d1c800 nmethod 1406 0x0000000002e812d0 code [0x0000000002e81460, 0x0000000002e817d0]
Event: 4.686 Thread 0x0000000054d1c800 1404       3       java.util.TreeMap$ValueIterator::next (8 bytes)
Event: 4.686 Thread 0x0000000054d1c800 nmethod 1404 0x0000000002e80e90 code [0x0000000002e81000, 0x0000000002e81208]
Event: 4.686 Thread 0x0000000054d1c800 1405       3       java.util.TreeMap$PrivateEntryIterator::nextEntry (54 bytes)
Event: 4.686 Thread 0x0000000054d1c800 nmethod 1405 0x0000000002e807d0 code [0x0000000002e80960, 0x0000000002e80ce8]
Event: 4.688 Thread 0x0000000054d1c800 1408       3       com.android.dx.ssa.back.FirstFitLocalCombiningAllocator::access$100 (5 bytes)
Event: 4.689 Thread 0x0000000054d1c800 nmethod 1408 0x0000000002e803d0 code [0x0000000002e80540, 0x0000000002e80730]

GC Heap History (3 events):
Event: 2.213 GC heap before
{Heap before GC invocations=1 (full 0):
 PSYoungGen      total 37888K, used 32768K [0x00000000eab00000, 0x00000000ed500000, 0x0000000100000000)
  eden space 32768K, 100% used [0x00000000eab00000,0x00000000ecb00000,0x00000000ecb00000)
  from space 5120K, 0% used [0x00000000ed000000,0x00000000ed000000,0x00000000ed500000)
  to   space 5120K, 0% used [0x00000000ecb00000,0x00000000ecb00000,0x00000000ed000000)
 ParOldGen       total 86016K, used 0K [0x00000000c0000000, 0x00000000c5400000, 0x00000000eab00000)
  object space 86016K, 0% used [0x00000000c0000000,0x00000000c0000000,0x00000000c5400000)
 Metaspace       used 5741K, capacity 6832K, committed 7040K, reserved 1056768K
  class space    used 576K, capacity 616K, committed 640K, reserved 1048576K
Event: 2.234 GC heap after
Heap after GC invocations=1 (full 0):
 PSYoungGen      total 37888K, used 5098K [0x00000000eab00000, 0x00000000ed500000, 0x0000000100000000)
  eden space 32768K, 0% used [0x00000000eab00000,0x00000000eab00000,0x00000000ecb00000)
  from space 5120K, 99% used [0x00000000ecb00000,0x00000000ecffaa88,0x00000000ed000000)
  to   space 5120K, 0% used [0x00000000ed000000,0x00000000ed000000,0x00000000ed500000)
 ParOldGen       total 86016K, used 2205K [0x00000000c0000000, 0x00000000c5400000, 0x00000000eab00000)
  object space 86016K, 2% used [0x00000000c0000000,0x00000000c02275e0,0x00000000c5400000)
 Metaspace       used 5741K, capacity 6832K, committed 7040K, reserved 1056768K
  class space    used 576K, capacity 616K, committed 640K, reserved 1048576K
}
Event: 4.736 GC heap before
{Heap before GC invocations=2 (full 0):
 PSYoungGen      total 37888K, used 37866K [0x00000000eab00000, 0x00000000ed500000, 0x0000000100000000)
  eden space 32768K, 100% used [0x00000000eab00000,0x00000000ecb00000,0x00000000ecb00000)
  from space 5120K, 99% used [0x00000000ecb00000,0x00000000ecffaa88,0x00000000ed000000)
  to   space 5120K, 0% used [0x00000000ed000000,0x00000000ed000000,0x00000000ed500000)
 ParOldGen       total 86016K, used 2205K [0x00000000c0000000, 0x00000000c5400000, 0x00000000eab00000)
  object space 86016K, 2% used [0x00000000c0000000,0x00000000c02275e0,0x00000000c5400000)
 Metaspace       used 5883K, capacity 6960K, committed 7040K, reserved 1056768K
  class space    used 579K, capacity 616K, committed 640K, reserved 1048576K

Deoptimization events (10 events):
Event: 2.970 Thread 0x0000000056359000 Uncommon trap: reason=bimorphic action=maybe_recompile pc=0x0000000002cd6cdc method=com.android.dx.cf.code.BytecodeArray.parseInstruction(ILcom/android/dx/cf/code/BytecodeArray$Visitor;)I @ 1224
Event: 2.970 Thread 0x0000000056359000 Uncommon trap: reason=bimorphic action=maybe_recompile pc=0x0000000002cd68fc method=com.android.dx.cf.code.BytecodeArray.parseInstruction(ILcom/android/dx/cf/code/BytecodeArray$Visitor;)I @ 923
Event: 2.970 Thread 0x0000000056359000 Uncommon trap: reason=bimorphic action=maybe_recompile pc=0x0000000002cd6cdc method=com.android.dx.cf.code.BytecodeArray.parseInstruction(ILcom/android/dx/cf/code/BytecodeArray$Visitor;)I @ 1224
Event: 2.971 Thread 0x0000000056359000 Uncommon trap: reason=unstable_if action=reinterpret pc=0x0000000002d4cf40 method=com.android.dx.cf.code.RopperMachine.run(Lcom/android/dx/cf/code/Frame;II)V @ 1500
Event: 4.719 Thread 0x0000000056350800 Uncommon trap: reason=null_check action=make_not_entrant pc=0x0000000002d17fc0 method=com.android.dx.ssa.SsaRenamer.getLocalForNewReg(I)Lcom/android/dx/rop/code/LocalItem; @ 19
Event: 4.720 Thread 0x0000000056350800 Uncommon trap: reason=unstable_if action=reinterpret pc=0x0000000002cc26ec method=com.android.dx.ssa.SsaRenamer$BlockRenamer.addMapping(ILcom/android/dx/rop/code/RegisterSpec;)V @ 120
Event: 4.721 Thread 0x0000000056350800 Uncommon trap: reason=unstable_if action=reinterpret pc=0x0000000002e5113c method=com.android.dx.rop.code.LocalVariableExtractor.processBlock(I)V @ 138
Event: 4.725 Thread 0x0000000056350800 Uncommon trap: reason=unstable_if action=reinterpret pc=0x0000000002dd4860 method=com.android.dx.ssa.SCCP.simulateStmt(Lcom/android/dx/ssa/SsaInsn;)V @ 469
Event: 4.726 Thread 0x0000000056350800 Uncommon trap: reason=unstable_if action=reinterpret pc=0x0000000002d408ec method=com.android.dx.cf.code.ValueAwareMachine.run(Lcom/android/dx/cf/code/Frame;II)V @ 943
Event: 4.730 Thread 0x000000000213d800 Uncommon trap: reason=unstable_if action=reinterpret pc=0x0000000002a0f400 method=java.lang.String.<init>([CII)V @ 18

Internal exceptions (3 events):
Event: 0.047 Thread 0x000000000213d800 Exception <a 'java/lang/NoSuchMethodError': Method sun.misc.Unsafe.defineClass(Ljava/lang/String;[BII)Ljava/lang/Class; name or signature does not match> (0x00000000eab07cc0) thrown at [C:\re\workspace\8-2-build-windows-amd64-cygwin\jdk8u91\6644\hotspot\srÓ®x*Zä§?
Event: 0.047 Thread 0x000000000213d800 Exception <a 'java/lang/NoSuchMethodError': Method sun.misc.Unsafe.prefetchRead(Ljava/lang/Object;J)V name or signature does not match> (0x00000000eab07fa8) thrown at [C:\re\workspace\8-2-build-windows-amd64-cygwin\jdk8u91\6644\hotspot\src\share\vm\prims\jï…Ð6¬à@
Event: 4.719 Thread 0x0000000056350800 Implicit null exception at 0x0000000002d174a9 to 0x0000000002d17f99

Events (10 events):
Event: 4.726 Thread 0x0000000056350800 DEOPT PACKING pc=0x0000000002d408ec sp=0x0000000056b4e3c0
Event: 4.726 Thread 0x0000000056350800 DEOPT UNPACKING pc=0x00000000028e556a sp=0x0000000056b4e370 mode 2
Event: 4.730 Thread 0x000000000213d800 Uncommon trap: trap_request=0xffffff65 fr.pc=0x0000000002a0f400
Event: 4.730 Thread 0x000000000213d800 DEOPT PACKING pc=0x0000000002a0f400 sp=0x00000000025ce480
Event: 4.730 Thread 0x000000000213d800 DEOPT UNPACKING pc=0x00000000028e556a sp=0x00000000025ce3b0 mode 2
Event: 4.731 loading class com/android/dx/cf/direct/DirectClassFile$DcfTypeList
Event: 4.731 loading class com/android/dx/cf/direct/DirectClassFile$DcfTypeList done
Event: 4.731 loading class com/android/dx/cf/attrib/AttExceptions
Event: 4.731 loading class com/android/dx/cf/attrib/AttExceptions done
Event: 4.736 Executing VM operation: ParallelGCFailedAllocation


Dynamic libraries:
0x000000013f2c0000 - 0x000000013f2f7000 	G:\jdk\bin\java.exe
0x0000000077470000 - 0x000000007761b000 	C:\Windows\SYSTEM32\ntdll.dll
0x0000000077350000 - 0x000000007746f000 	C:\Windows\system32\kernel32.dll
0x000007fefd4c0000 - 0x000007fefd52b000 	C:\Windows\system32\KERNELBASE.dll
0x000007feff650000 - 0x000007feff72b000 	C:\Windows\system32\ADVAPI32.dll
0x000007fefd7a0000 - 0x000007fefd83f000 	C:\Windows\system32\msvcrt.dll
0x000007fefdb10000 - 0x000007fefdb2f000 	C:\Windows\SYSTEM32\sechost.dll
0x000007fefe340000 - 0x000007fefe46e000 	C:\Windows\system32\RPCRT4.dll
0x0000000077250000 - 0x000000007734a000 	C:\Windows\system32\USER32.dll
0x000007fefd9d0000 - 0x000007fefda37000 	C:\Windows\system32\GDI32.dll
0x000007fefe330000 - 0x000007fefe33e000 	C:\Windows\system32\LPK.dll
0x000007fefda40000 - 0x000007fefdb0a000 	C:\Windows\system32\USP10.dll
0x000007fefc050000 - 0x000007fefc244000 	C:\Windows\WinSxS\amd64_microsoft.windows.common-controls_6595b64144ccf1df_6.0.7600.16385_none_fa645303170382f6\COMCTL32.dll
0x000007fefd840000 - 0x000007fefd8b1000 	C:\Windows\system32\SHLWAPI.dll
0x000007fefe2f0000 - 0x000007fefe31e000 	C:\Windows\system32\IMM32.DLL
0x000007fefd8c0000 - 0x000007fefd9c9000 	C:\Windows\system32\MSCTF.dll
0x0000000063450000 - 0x0000000063522000 	G:\jdk\jre\bin\msvcr100.dll
0x0000000063c90000 - 0x0000000064523000 	G:\jdk\jre\bin\server\jvm.dll
0x000007fef8cc0000 - 0x000007fef8cc9000 	C:\Windows\system32\WSOCK32.dll
0x000007feff730000 - 0x000007feff77d000 	C:\Windows\system32\WS2_32.dll
0x000007fefe320000 - 0x000007fefe328000 	C:\Windows\system32\NSI.dll
0x000007fefa420000 - 0x000007fefa45b000 	C:\Windows\system32\WINMM.dll
0x000007fefc540000 - 0x000007fefc54c000 	C:\Windows\system32\VERSION.dll
0x0000000077640000 - 0x0000000077647000 	C:\Windows\system32\PSAPI.DLL
0x0000000064730000 - 0x000000006473f000 	G:\jdk\jre\bin\verify.dll
0x0000000064700000 - 0x0000000064729000 	G:\jdk\jre\bin\java.dll
0x00000000646e0000 - 0x00000000646f6000 	G:\jdk\jre\bin\zip.dll
0x000007fefe8c0000 - 0x000007feff646000 	C:\Windows\system32\SHELL32.dll
0x000007fefe610000 - 0x000007fefe811000 	C:\Windows\system32\ole32.dll
0x000007fefd3d0000 - 0x000007fefd3df000 	C:\Windows\system32\profapi.dll
0x000007fef5580000 - 0x000007fef56a5000 	C:\Windows\system32\dbghelp.dll

VM Arguments:
jvm_args: -Djava.awt.headless=true -Xmx1024M -Dfile.encoding=windows-1252 -Duser.country=BR -Duser.language=pt -Duser.variant 
java_command: com.android.dx.command.Main --dex --force-jumbo --num-threads=4 --output G:\apps\PROJETOS ANDROID STUDIO\ivoto\build\intermediates\pre-dexed\debug\main_bcc3bcc8a5cfbe358718cb2fd8fb909f7beb21f5.jar G:\apps\PROJETOS ANDROID STUDIO\ivoto\build\intermediates\transforms\instantRun\debug\folders\1\5\main
java_class_path (initial): G:\android\sdk_limpo\build-tools\24.0.1\lib\dx.jar
Launcher Type: SUN_STANDARD

Environment Variables:
PATH=C:\ProgramData\Oracle\Java\javapath;C:\Windows\system32;C:\Windows;C:\Windows\System32\Wbem;C:\Windows\System32\WindowsPowerShell\v1.0\;C:\Program Files (x86)\Common Files\HP\Digital Imaging\bin;C:\Program Files (x86)\HP\Digital Imaging\bin\;C:\Program Files (x86)\HP\Digital Imaging\bin\Qt\Qt 4.3.3;C:\Program Files (x86)\SSH Communications Security\SSH Secure Shell
USERNAME=belchior
OS=Windows_NT
PROCESSOR_IDENTIFIER=Intel64 Family 6 Model 23 Stepping 10, GenuineIntel



---------------  S Y S T E M  ---------------

OS: Windows 7 , 64 bit Build 7600 (6.1.7600.16385)

CPU:total 2 (2 cores per cpu, 1 threads per core) family 6 model 23 stepping 10, cmov, cx8, fxsr, mmx, sse, sse2, sse3, ssse3, tsc

Memory: 4k page, physical 8253624k(3963920k free), swap 16505348k(11737548k free)

vm_info: Java HotSpot(TM) 64-Bit Server VM (25.91-b14) for windows-amd64 JRE (1.8.0_91-b14), built on Apr  1 2016 00:58:32 by "java_re" with MS VC++ 10.0 (VS2010)

time: Wed Aug 24 08:51:14 2016
elapsed time: 4 seconds (0d 0h 0m 4s)

